build/app/intermediates/manifest_merge_blame_file/debug/manifest-merger-blame-debug-report.txt
1<?xml version="1.0" encoding="utf-8"?>
2<manifest xmlns:android="http://schemas.android.com/apk/res/android"
3    package="com.example.dawwen02"
4    android:versionCode="1"
5    android:versionName="0.1.0" >
6
7    <uses-sdk
8        android:minSdkVersion="20"
9        android:targetSdkVersion="33" />
10    <!--
11         The INTERNET permission is required for development. Specifically,
12         the Flutter tool needs it to communicate with the running application
13         to allow setting breakpoints, to provide hot reload, etc.
14    -->
15    <uses-permission android:name="android.permission.INTERNET" />
15-->src\debug\AndroidManifest.xml:7:5-66
15-->src\debug\AndroidManifest.xml:7:22-64
16    <uses-permission android:name="android.permission.ACCESS_FINE_LOCATION" />
16-->src\main\AndroidManifest.xml:3:4-78
16-->src\main\AndroidManifest.xml:3:21-75
17    <uses-permission android:name="android.permission.ACCESS_COARSE_LOCATION" />
17-->src\main\AndroidManifest.xml:4:1-77
17-->src\main\AndroidManifest.xml:4:18-74
18    <uses-permission android:name="android.permission.FOREGROUND_SERVICE" />
18-->[:geolocator_android] AndroidManifest.xml:9:5-77
18-->[:geolocator_android] AndroidManifest.xml:9:22-74
19
20    <queries>
20-->[:flutter_inappwebview] AndroidManifest.xml:9:5-13:15
21        <intent>
21-->[:flutter_inappwebview] AndroidManifest.xml:10:9-12:18
22            <action android:name="android.support.customtabs.action.CustomTabsService" />
22-->[:flutter_inappwebview] AndroidManifest.xml:11:13-90
22-->[:flutter_inappwebview] AndroidManifest.xml:11:21-87
23        </intent>
24        <!-- Needs to be explicitly declared on Android R+ -->
25        <package android:name="com.google.android.apps.maps" />
25-->[com.google.android.gms:play-services-maps:18.1.0] AndroidManifest.xml:33:9-64
25-->[com.google.android.gms:play-services-maps:18.1.0] AndroidManifest.xml:33:18-61
26    </queries> <!-- Include required permissions for Google Maps API to run. -->
27    <uses-permission android:name="android.permission.ACCESS_NETWORK_STATE" />
27-->[com.google.android.gms:play-services-maps:18.1.0] AndroidManifest.xml:23:5-79
27-->[com.google.android.gms:play-services-maps:18.1.0] AndroidManifest.xml:23:22-76
28
29    <uses-feature
29-->[com.google.android.gms:play-services-maps:18.1.0] AndroidManifest.xml:26:5-28:35
30        android:glEsVersion="0x00020000"
30-->[com.google.android.gms:play-services-maps:18.1.0] AndroidManifest.xml:27:9-41
31        android:required="true" />
31-->[com.google.android.gms:play-services-maps:18.1.0] AndroidManifest.xml:28:9-32
32
33    <permission
33-->[androidx.core:core:1.9.0] AndroidManifest.xml:22:5-24:47
34        android:name="com.example.dawwen02.DYNAMIC_RECEIVER_NOT_EXPORTED_PERMISSION"
34-->[androidx.core:core:1.9.0] AndroidManifest.xml:23:9-81
35        android:protectionLevel="signature" />
35-->[androidx.core:core:1.9.0] AndroidManifest.xml:24:9-44
36
37    <uses-permission android:name="com.example.dawwen02.DYNAMIC_RECEIVER_NOT_EXPORTED_PERMISSION" />
37-->[androidx.core:core:1.9.0] AndroidManifest.xml:26:5-97
37-->[androidx.core:core:1.9.0] AndroidManifest.xml:26:22-94
38
39    <application
40        android:name="android.app.Application"
41        android:appComponentFactory="androidx.core.app.CoreComponentFactory"
41-->[androidx.core:core:1.9.0] AndroidManifest.xml:28:18-86
42        android:debuggable="true"
43        android:enableOnBackInvokedCallback="true"
44        android:icon="@mipmap/ic_launcher"
45        android:label="dawwen02" >
46        <meta-data
47            android:name="com.google.android.geo.API_KEY"
48            android:value="AIzaSyCJp2gsQOjGfkxiNe0hxfdG_ZW3phuNf5M" />
49
50        <activity
51            android:name="com.example.dawwen02.MainActivity"
52            android:configChanges="orientation|keyboardHidden|keyboard|screenSize|smallestScreenSize|locale|layoutDirection|fontScale|screenLayout|density|uiMode"
53            android:exported="true"
54            android:hardwareAccelerated="true"
55            android:launchMode="singleTop"
56            android:theme="@style/LaunchTheme"
57            android:windowSoftInputMode="adjustResize" >
58
59            <!--
60                 Specifies an Android theme to apply to this Activity as soon as
61                 the Android process has started. This theme is visible to the user
62                 while the Flutter UI initializes. After that, this theme continues
63                 to determine the Window background behind the Flutter UI.
64            -->
65            <meta-data
66                android:name="io.flutter.embedding.android.NormalTheme"
67                android:resource="@style/NormalTheme" />
68
69            <intent-filter>
70                <action android:name="android.intent.action.MAIN" />
71
72                <category android:name="android.intent.category.LAUNCHER" />
73            </intent-filter>
74        </activity>
75        <!--
76             Don't delete the meta-data below.
77             This is used by the Flutter tool to generate GeneratedPluginRegistrant.java
78        -->
79        <meta-data
80            android:name="flutterEmbedding"
81            android:value="2" />
82
83        <service
83-->[:firebase_auth] AndroidManifest.xml:10:9-14:19
84            android:name="com.google.firebase.components.ComponentDiscoveryService"
84-->[:firebase_auth] AndroidManifest.xml:10:18-89
85            android:directBootAware="true"
85-->[com.google.firebase:firebase-common:20.3.0] AndroidManifest.xml:34:13-43
86            android:exported="false" >
86-->[com.google.firebase:firebase-auth:21.1.0] AndroidManifest.xml:66:13-37
87            <meta-data
87-->[:firebase_auth] AndroidManifest.xml:11:13-13:85
88                android:name="com.google.firebase.components:io.flutter.plugins.firebase.auth.FlutterFirebaseAuthRegistrar"
88-->[:firebase_auth] AndroidManifest.xml:12:17-124
89                android:value="com.google.firebase.components.ComponentRegistrar" />
89-->[:firebase_auth] AndroidManifest.xml:13:17-82
90            <meta-data
90-->[:firebase_database] AndroidManifest.xml:11:13-13:85
91                android:name="com.google.firebase.components:io.flutter.plugins.firebase.database.FlutterFirebaseAppRegistrar"
91-->[:firebase_database] AndroidManifest.xml:12:17-127
92                android:value="com.google.firebase.components.ComponentRegistrar" />
92-->[:firebase_database] AndroidManifest.xml:13:17-82
93            <meta-data
93-->[:cloud_firestore] AndroidManifest.xml:11:13-13:85
94                android:name="com.google.firebase.components:io.flutter.plugins.firebase.firestore.FlutterFirebaseFirestoreRegistrar"
94-->[:cloud_firestore] AndroidManifest.xml:12:17-134
95                android:value="com.google.firebase.components.ComponentRegistrar" />
95-->[:cloud_firestore] AndroidManifest.xml:13:17-82
96            <meta-data
96-->[:firebase_core] AndroidManifest.xml:11:13-13:85
97                android:name="com.google.firebase.components:io.flutter.plugins.firebase.core.FlutterFirebaseCoreRegistrar"
97-->[:firebase_core] AndroidManifest.xml:12:17-124
98                android:value="com.google.firebase.components.ComponentRegistrar" />
98-->[:firebase_core] AndroidManifest.xml:13:17-82
99            <meta-data
99-->[com.google.firebase:firebase-auth:21.1.0] AndroidManifest.xml:67:13-69:85
100                android:name="com.google.firebase.components:com.google.firebase.auth.FirebaseAuthRegistrar"
100-->[com.google.firebase:firebase-auth:21.1.0] AndroidManifest.xml:68:17-109
101                android:value="com.google.firebase.components.ComponentRegistrar" />
101-->[com.google.firebase:firebase-auth:21.1.0] AndroidManifest.xml:69:17-82
102            <meta-data
102-->[com.google.firebase:firebase-firestore:24.4.3] AndroidManifest.xml:19:13-21:85
103                android:name="com.google.firebase.components:com.google.firebase.firestore.FirestoreRegistrar"
103-->[com.google.firebase:firebase-firestore:24.4.3] AndroidManifest.xml:20:17-111
104                android:value="com.google.firebase.components.ComponentRegistrar" />
104-->[com.google.firebase:firebase-firestore:24.4.3] AndroidManifest.xml:21:17-82
105            <meta-data
105-->[com.google.firebase:firebase-database:20.1.0] AndroidManifest.xml:31:13-33:85
106                android:name="com.google.firebase.components:com.google.firebase.database.DatabaseRegistrar"
106-->[com.google.firebase:firebase-database:20.1.0] AndroidManifest.xml:32:17-109
107                android:value="com.google.firebase.components.ComponentRegistrar" />
107-->[com.google.firebase:firebase-database:20.1.0] AndroidManifest.xml:33:17-82
108        </service>
109        <service
109-->[:geolocator_android] AndroidManifest.xml:12:9-16:56
110            android:name="com.baseflow.geolocator.GeolocatorLocationService"
110-->[:geolocator_android] AndroidManifest.xml:13:13-77
111            android:enabled="true"
111-->[:geolocator_android] AndroidManifest.xml:14:13-35
112            android:exported="false"
112-->[:geolocator_android] AndroidManifest.xml:15:13-37
113            android:foregroundServiceType="location" />
113-->[:geolocator_android] AndroidManifest.xml:16:13-53
114
115        <activity
115-->[:flutter_inappwebview] AndroidManifest.xml:16:9-20:47
116            android:name="com.pichillilorenzo.flutter_inappwebview.in_app_browser.InAppBrowserActivity"
116-->[:flutter_inappwebview] AndroidManifest.xml:17:13-104
117            android:configChanges="orientation|keyboardHidden|keyboard|screenSize|locale|layoutDirection|fontScale|screenLayout|density"
117-->[:flutter_inappwebview] AndroidManifest.xml:18:13-137
118            android:exported="false"
118-->[:flutter_inappwebview] AndroidManifest.xml:19:13-37
119            android:theme="@style/AppTheme" />
119-->[:flutter_inappwebview] AndroidManifest.xml:20:13-44
120        <activity
120-->[:flutter_inappwebview] AndroidManifest.xml:21:9-24:55
121            android:name="com.pichillilorenzo.flutter_inappwebview.chrome_custom_tabs.ChromeCustomTabsActivity"
121-->[:flutter_inappwebview] AndroidManifest.xml:22:13-112
122            android:exported="false"
122-->[:flutter_inappwebview] AndroidManifest.xml:23:13-37
123            android:theme="@style/ThemeTransparent" />
123-->[:flutter_inappwebview] AndroidManifest.xml:24:13-52
124        <activity
124-->[:flutter_inappwebview] AndroidManifest.xml:25:9-28:55
125            android:name="com.pichillilorenzo.flutter_inappwebview.chrome_custom_tabs.TrustedWebActivity"
125-->[:flutter_inappwebview] AndroidManifest.xml:26:13-106
126            android:exported="false"
126-->[:flutter_inappwebview] AndroidManifest.xml:27:13-37
127            android:theme="@style/ThemeTransparent" />
127-->[:flutter_inappwebview] AndroidManifest.xml:28:13-52
128        <activity
128-->[:flutter_inappwebview] AndroidManifest.xml:29:9-33:55
129            android:name="com.pichillilorenzo.flutter_inappwebview.chrome_custom_tabs.ChromeCustomTabsActivitySingleInstance"
129-->[:flutter_inappwebview] AndroidManifest.xml:30:13-126
130            android:exported="false"
130-->[:flutter_inappwebview] AndroidManifest.xml:31:13-37
131            android:launchMode="singleInstance"
131-->[:flutter_inappwebview] AndroidManifest.xml:32:13-48
132            android:theme="@style/ThemeTransparent" />
132-->[:flutter_inappwebview] AndroidManifest.xml:33:13-52
133        <activity
133-->[:flutter_inappwebview] AndroidManifest.xml:34:9-38:55
134            android:name="com.pichillilorenzo.flutter_inappwebview.chrome_custom_tabs.TrustedWebActivitySingleInstance"
134-->[:flutter_inappwebview] AndroidManifest.xml:35:13-120
135            android:exported="false"
135-->[:flutter_inappwebview] AndroidManifest.xml:36:13-37
136            android:launchMode="singleInstance"
136-->[:flutter_inappwebview] AndroidManifest.xml:37:13-48
137            android:theme="@style/ThemeTransparent" />
137-->[:flutter_inappwebview] AndroidManifest.xml:38:13-52
138
139        <receiver
139-->[:flutter_inappwebview] AndroidManifest.xml:40:9-43:40
140            android:name="com.pichillilorenzo.flutter_inappwebview.chrome_custom_tabs.ActionBroadcastReceiver"
140-->[:flutter_inappwebview] AndroidManifest.xml:41:13-111
141            android:enabled="true"
141-->[:flutter_inappwebview] AndroidManifest.xml:42:13-35
142            android:exported="false" />
142-->[:flutter_inappwebview] AndroidManifest.xml:43:13-37
143
144        <meta-data
144-->[:flutter_inappwebview] AndroidManifest.xml:45:9-47:36
145            android:name="io.flutter.embedded_views_preview"
145-->[:flutter_inappwebview] AndroidManifest.xml:46:13-61
146            android:value="true" />
146-->[:flutter_inappwebview] AndroidManifest.xml:47:13-33
147
148        <uses-library
148-->[androidx.window:window:1.0.0-beta04] AndroidManifest.xml:25:9-27:40
149            android:name="androidx.window.extensions"
149-->[androidx.window:window:1.0.0-beta04] AndroidManifest.xml:26:13-54
150            android:required="false" />
150-->[androidx.window:window:1.0.0-beta04] AndroidManifest.xml:27:13-37
151        <uses-library
151-->[androidx.window:window:1.0.0-beta04] AndroidManifest.xml:28:9-30:40
152            android:name="androidx.window.sidecar"
152-->[androidx.window:window:1.0.0-beta04] AndroidManifest.xml:29:13-51
153            android:required="false" /> <!-- Needs to be explicitly declared on P+ -->
153-->[androidx.window:window:1.0.0-beta04] AndroidManifest.xml:30:13-37
154        <uses-library
154-->[com.google.android.gms:play-services-maps:18.1.0] AndroidManifest.xml:39:9-41:40
155            android:name="org.apache.http.legacy"
155-->[com.google.android.gms:play-services-maps:18.1.0] AndroidManifest.xml:40:13-50
156            android:required="false" />
156-->[com.google.android.gms:play-services-maps:18.1.0] AndroidManifest.xml:41:13-37
157
158        <activity
158-->[com.google.firebase:firebase-auth:21.1.0] AndroidManifest.xml:27:9-44:20
159            android:name="com.google.firebase.auth.internal.GenericIdpActivity"
159-->[com.google.firebase:firebase-auth:21.1.0] AndroidManifest.xml:28:13-80
160            android:excludeFromRecents="true"
160-->[com.google.firebase:firebase-auth:21.1.0] AndroidManifest.xml:29:13-46
161            android:exported="true"
161-->[com.google.firebase:firebase-auth:21.1.0] AndroidManifest.xml:30:13-36
162            android:launchMode="singleTask"
162-->[com.google.firebase:firebase-auth:21.1.0] AndroidManifest.xml:31:13-44
163            android:theme="@android:style/Theme.Translucent.NoTitleBar" >
163-->[com.google.firebase:firebase-auth:21.1.0] AndroidManifest.xml:32:13-72
164            <intent-filter>
164-->[com.google.firebase:firebase-auth:21.1.0] AndroidManifest.xml:33:13-43:29
165                <action android:name="android.intent.action.VIEW" />
165-->[com.google.firebase:firebase-auth:21.1.0] AndroidManifest.xml:34:17-69
165-->[com.google.firebase:firebase-auth:21.1.0] AndroidManifest.xml:34:25-66
166
167                <category android:name="android.intent.category.DEFAULT" />
167-->[com.google.firebase:firebase-auth:21.1.0] AndroidManifest.xml:36:17-76
167-->[com.google.firebase:firebase-auth:21.1.0] AndroidManifest.xml:36:27-73
168                <category android:name="android.intent.category.BROWSABLE" />
168-->[com.google.firebase:firebase-auth:21.1.0] AndroidManifest.xml:37:17-78
168-->[com.google.firebase:firebase-auth:21.1.0] AndroidManifest.xml:37:27-75
169
170                <data
170-->[com.google.firebase:firebase-auth:21.1.0] AndroidManifest.xml:39:17-42:51
171                    android:host="firebase.auth"
171-->[com.google.firebase:firebase-auth:21.1.0] AndroidManifest.xml:40:21-49
172                    android:path="/"
172-->[com.google.firebase:firebase-auth:21.1.0] AndroidManifest.xml:41:21-37
173                    android:scheme="genericidp" />
173-->[com.google.firebase:firebase-auth:21.1.0] AndroidManifest.xml:42:21-48
174            </intent-filter>
175        </activity>
176        <activity
176-->[com.google.firebase:firebase-auth:21.1.0] AndroidManifest.xml:45:9-62:20
177            android:name="com.google.firebase.auth.internal.RecaptchaActivity"
177-->[com.google.firebase:firebase-auth:21.1.0] AndroidManifest.xml:46:13-79
178            android:excludeFromRecents="true"
178-->[com.google.firebase:firebase-auth:21.1.0] AndroidManifest.xml:47:13-46
179            android:exported="true"
179-->[com.google.firebase:firebase-auth:21.1.0] AndroidManifest.xml:48:13-36
180            android:launchMode="singleTask"
180-->[com.google.firebase:firebase-auth:21.1.0] AndroidManifest.xml:49:13-44
181            android:theme="@android:style/Theme.Translucent.NoTitleBar" >
181-->[com.google.firebase:firebase-auth:21.1.0] AndroidManifest.xml:50:13-72
182            <intent-filter>
182-->[com.google.firebase:firebase-auth:21.1.0] AndroidManifest.xml:51:13-61:29
183                <action android:name="android.intent.action.VIEW" />
183-->[com.google.firebase:firebase-auth:21.1.0] AndroidManifest.xml:34:17-69
183-->[com.google.firebase:firebase-auth:21.1.0] AndroidManifest.xml:34:25-66
184
185                <category android:name="android.intent.category.DEFAULT" />
185-->[com.google.firebase:firebase-auth:21.1.0] AndroidManifest.xml:36:17-76
185-->[com.google.firebase:firebase-auth:21.1.0] AndroidManifest.xml:36:27-73
186                <category android:name="android.intent.category.BROWSABLE" />
186-->[com.google.firebase:firebase-auth:21.1.0] AndroidManifest.xml:37:17-78
186-->[com.google.firebase:firebase-auth:21.1.0] AndroidManifest.xml:37:27-75
187
188                <data
188-->[com.google.firebase:firebase-auth:21.1.0] AndroidManifest.xml:39:17-42:51
189                    android:host="firebase.auth"
189-->[com.google.firebase:firebase-auth:21.1.0] AndroidManifest.xml:40:21-49
190                    android:path="/"
190-->[com.google.firebase:firebase-auth:21.1.0] AndroidManifest.xml:41:21-37
191                    android:scheme="recaptcha" />
191-->[com.google.firebase:firebase-auth:21.1.0] AndroidManifest.xml:42:21-48
192            </intent-filter>
193        </activity>
194        <activity
194-->[com.google.android.gms:play-services-base:18.1.0] AndroidManifest.xml:20:9-22:45
195            android:name="com.google.android.gms.common.api.GoogleApiActivity"
195-->[com.google.android.gms:play-services-base:18.1.0] AndroidManifest.xml:20:19-85
196            android:exported="false"
196-->[com.google.android.gms:play-services-base:18.1.0] AndroidManifest.xml:22:19-43
197            android:theme="@android:style/Theme.Translucent.NoTitleBar" />
197-->[com.google.android.gms:play-services-base:18.1.0] AndroidManifest.xml:21:19-78
198
199        <provider
199-->[com.google.firebase:firebase-common:20.3.0] AndroidManifest.xml:25:9-30:39
200            android:name="com.google.firebase.provider.FirebaseInitProvider"
200-->[com.google.firebase:firebase-common:20.3.0] AndroidManifest.xml:26:13-77
201            android:authorities="com.example.dawwen02.firebaseinitprovider"
201-->[com.google.firebase:firebase-common:20.3.0] AndroidManifest.xml:27:13-72
202            android:directBootAware="true"
202-->[com.google.firebase:firebase-common:20.3.0] AndroidManifest.xml:28:13-43
203            android:exported="false"
203-->[com.google.firebase:firebase-common:20.3.0] AndroidManifest.xml:29:13-37
204            android:initOrder="100" />
204-->[com.google.firebase:firebase-common:20.3.0] AndroidManifest.xml:30:13-36
205
206        <meta-data
206-->[com.google.android.gms:play-services-basement:18.1.0] AndroidManifest.xml:21:9-23:69
207            android:name="com.google.android.gms.version"
207-->[com.google.android.gms:play-services-basement:18.1.0] AndroidManifest.xml:22:13-58
208            android:value="@integer/google_play_services_version" />
208-->[com.google.android.gms:play-services-basement:18.1.0] AndroidManifest.xml:23:13-66
209
210        <provider
210-->[androidx.emoji2:emoji2:1.2.0] AndroidManifest.xml:24:9-32:20
211            android:name="androidx.startup.InitializationProvider"
211-->[androidx.emoji2:emoji2:1.2.0] AndroidManifest.xml:25:13-67
212            android:authorities="com.example.dawwen02.androidx-startup"
212-->[androidx.emoji2:emoji2:1.2.0] AndroidManifest.xml:26:13-68
213            android:exported="false" >
213-->[androidx.emoji2:emoji2:1.2.0] AndroidManifest.xml:27:13-37
214            <meta-data
214-->[androidx.emoji2:emoji2:1.2.0] AndroidManifest.xml:29:13-31:52
215                android:name="androidx.emoji2.text.EmojiCompatInitializer"
215-->[androidx.emoji2:emoji2:1.2.0] AndroidManifest.xml:30:17-75
216                android:value="androidx.startup" />
216-->[androidx.emoji2:emoji2:1.2.0] AndroidManifest.xml:31:17-49
217            <meta-data
217-->[androidx.lifecycle:lifecycle-process:2.4.1] AndroidManifest.xml:31:13-33:52
218                android:name="androidx.lifecycle.ProcessLifecycleInitializer"
218-->[androidx.lifecycle:lifecycle-process:2.4.1] AndroidManifest.xml:32:17-78
219                android:value="androidx.startup" />
219-->[androidx.lifecycle:lifecycle-process:2.4.1] AndroidManifest.xml:33:17-49
220        </provider>
221    </application>
222
223</manifest>